<?xml version="1.0" encoding="UTF-8"?>
<testsuites name="VerifyURL(FR)" time="105" tests="9" failures="1" errors="1">
   <testsuite name="VerifyURL(FR)" tests="9" failures="1" errors="1" time="105" timestamp="2018-08-01 20:50:46" hostname="SEEBORUTS - 5CG7062KWD.SD.DIKA.BE" id="Test Suites/VerifyURL(FR)">
      <properties>
         <property name="deviceName" value=""/>
         <property name="devicePlatform" value=""/>
         <property name="logFolder" value="C:\\Users\\seeboruts\\OneDrive - SD Worx\\Desktop\\eBlox Automation\\Reports\\VerifyURL(FR)\\20180801_205043"/>
         <property name="logFiles" value="C:\\Users\\seeboruts\\OneDrive - SD Worx\\Desktop\\eBlox Automation\\Reports\\VerifyURL(FR)\\20180801_205043\\execution0.log"/>
         <property name="attachments" value="C:\\Users\\seeboruts\\OneDrive - SD Worx\\Desktop\\eBlox Automation\\Reports\\VerifyURL(FR)\\20180801_205043\\1533142314414.png"/>
         <property name="hostName" value="SEEBORUTS - 5CG7062KWD.SD.DIKA.BE"/>
         <property name="os" value="Windows 10 64bit"/>
         <property name="katalonVersion" value="5.4.1.1"/>
         <property name="browser" value="Chrome 67.0.3396.99"/>
         <property name="hostAddress" value="10.138.240.124"/>
         <property name="sessionId" value="6eb33e64985abe0cb7288a5f46b2a2bd"/>
         <property name="seleniumVersion" value="3.7.1"/>
         <property name="proxyInformation" value="ProxyInformation{proxyOption=NO_PROXY, proxyServerType=HTTP, password=, proxyServerAddress=, proxyServerPort=0}"/>
         <property name="platform" value="Windows 10"/>
      </properties>
      <testcase name="Test Cases/eBlox Reporting/TC-Login to Mysdworx" classname="Test Cases/eBlox Reporting/TC-Login to Mysdworx" status="PASSED">
         <system-out><![CDATA[2018-08-01 20:50:46 - [TEST_CASE][PASSED] - Test Cases/eBlox Reporting/TC-Login to Mysdworx: Test Cases/eBlox Reporting/TC-Login to Mysdworx

2018-08-01 20:50:47 - [TEST_STEP][PASSED] - openBrowser: Browser is opened with url: ''

2018-08-01 20:50:51 - [MESSAGE][PASSED] - Browser is opened with url: ''

2018-08-01 20:50:51 - [TEST_STEP][PASSED] - navigateToUrl: Navigate to 'https://internet.acc.sd.dika.be/ebloxreporting/web.sensitive/main/?lang=fr' successfully

2018-08-01 20:51:00 - [MESSAGE][PASSED] - Navigate to 'https://internet.acc.sd.dika.be/ebloxreporting/web.sensitive/main/?lang=fr' successfully

2018-08-01 20:51:00 - [TEST_STEP][PASSED] - maximizeWindow: Current window maximized

2018-08-01 20:51:01 - [MESSAGE][PASSED] - Current window maximized

2018-08-01 20:51:01 - [TEST_STEP][PASSED] - setText: Text 'DP_EBLOX_RPP_VASCO' is set on object 'Object Repository/Page_mysdworx - Log in/input_Username'

2018-08-01 20:51:12 - [MESSAGE][PASSED] - Text 'DP_EBLOX_RPP_VASCO' is set on object 'Object Repository/Page_mysdworx - Log in/input_Username'

2018-08-01 20:51:12 - [TEST_STEP][PASSED] - setText: Text '662488' is set on object 'Object Repository/Page_mysdworx - Log in/input_Password'

2018-08-01 20:51:12 - [MESSAGE][PASSED] - Text '662488' is set on object 'Object Repository/Page_mysdworx - Log in/input_Password'

2018-08-01 20:51:12 - [TEST_STEP][PASSED] - click: Object: 'Object Repository/Page_mysdworx - Se connecter/button_Se connecter' is clicked on

2018-08-01 20:51:12 - [MESSAGE][PASSED] - Object: 'Object Repository/Page_mysdworx - Se connecter/button_Se connecter' is clicked on

2018-08-01 20:51:12 - [TEST_STEP][PASSED] - waitForPageLoad: Wait for page load successfully

2018-08-01 20:51:12 - [MESSAGE][PASSED] - Wait for page load successfully]]></system-out>
         <system-err><![CDATA[]]></system-err>
      </testcase>
      <testcase name="Test Cases/Menu-Mes rapports (FR)/TC1 Verify Deployer function" classname="Test Cases/Menu-Mes rapports (FR)/TC1 Verify Deployer function" status="FAILED">
         <failure type="FAILED" message="Unable to click on object 'Object Repository/Page_eBlox Reporting (1)/button_setting_dropdown' (Root cause: com.kms.katalon.core.webui.exception.WebElementNotFoundException: Web element with id: 'Object Repository/Page_eBlox Reporting (1)/button_setting_dropdown' located by 'By.xpath: /html/body/div[1]/div[2]/ui-view/div/div[1]/nav/div/div[1]/form/div[1]/div/button' not found)"/>
         <system-out><![CDATA[2018-08-01 20:51:12 - [TEST_CASE][FAILED] - Test Cases/Menu-Mes rapports (FR)/TC1 Verify Deployer function: Test Cases/Menu-Mes rapports (FR)/TC1 Verify Deployer function FAILED because (of) Unable to click on object 'Object Repository/Page_eBlox Reporting (1)/button_setting_dropdown' (Root cause: com.kms.katalon.core.webui.exception.WebElementNotFoundException: Web element with id: 'Object Repository/Page_eBlox Reporting (1)/button_setting_dropdown' located by 'By.xpath: /html/body/div[1]/div[2]/ui-view/div/div[1]/nav/div/div[1]/form/div[1]/div/button' not found)

2018-08-01 20:51:12 - [TEST_STEP][PASSED] - click: Object: 'Object Repository/Page_eBlox Reporting (4)/Mes rapports_tab' is clicked on

2018-08-01 20:51:23 - [MESSAGE][PASSED] - Object: 'Object Repository/Page_eBlox Reporting (4)/Mes rapports_tab' is clicked on

2018-08-01 20:51:23 - [TEST_STEP][FAILED] - click: Unable to click on object 'Object Repository/Page_eBlox Reporting (1)/button_setting_dropdown' (Root cause: com.kms.katalon.core.webui.exception.WebElementNotFoundException: Web element with id: 'Object Repository/Page_eBlox Reporting (1)/button_setting_dropdown' located by 'By.xpath: /html/body/div[1]/div[2]/ui-view/div/div[1]/nav/div/div[1]/form/div[1]/div/button' not found)

2018-08-01 20:51:54 - [MESSAGE][FAILED] - Unable to click on object 'Object Repository/Page_eBlox Reporting (1)/button_setting_dropdown' (Root cause: com.kms.katalon.core.webui.exception.WebElementNotFoundException: Web element with id: 'Object Repository/Page_eBlox Reporting (1)/button_setting_dropdown' located by 'By.xpath: /html/body/div[1]/div[2]/ui-view/div/div[1]/nav/div/div[1]/form/div[1]/div/button' not found)
[[ATTACHMENT|C:\\Users\\seeboruts\\OneDrive - SD Worx\\Desktop\\eBlox Automation\\Reports\\VerifyURL(FR)\\20180801_205043\\1533142314414.png]]]]></system-out>
         <system-err><![CDATA[2018-08-01 20:51:12 - [TEST_CASE][FAILED] - Test Cases/Menu-Mes rapports (FR)/TC1 Verify Deployer function: Test Cases/Menu-Mes rapports (FR)/TC1 Verify Deployer function FAILED because (of) Unable to click on object 'Object Repository/Page_eBlox Reporting (1)/button_setting_dropdown' (Root cause: com.kms.katalon.core.webui.exception.WebElementNotFoundException: Web element with id: 'Object Repository/Page_eBlox Reporting (1)/button_setting_dropdown' located by 'By.xpath: /html/body/div[1]/div[2]/ui-view/div/div[1]/nav/div/div[1]/form/div[1]/div/button' not found)]]></system-err>
      </testcase>
      <testcase name="Test Cases/Menu-Mes rapports (FR)/TC2 Verify Masquer function" classname="Test Cases/Menu-Mes rapports (FR)/TC2 Verify Masquer function" status="PASSED">
         <system-out><![CDATA[2018-08-01 20:51:54 - [TEST_CASE][PASSED] - Test Cases/Menu-Mes rapports (FR)/TC2 Verify Masquer function: Test Cases/Menu-Mes rapports (FR)/TC2 Verify Masquer function

2018-08-01 20:51:55 - [TEST_STEP][PASSED] - callTestCase: Call Test Case 'Test Cases/Menu-Mes rapports (FR)/TC1 Verify Deployer function' successfully

2018-08-01 20:51:55 - [TEST_CASE][PASSED] - Test Cases/Menu-Mes rapports (FR)/TC1 Verify Deployer function: Test Cases/Menu-Mes rapports (FR)/TC1 Verify Deployer function

2018-08-01 20:51:55 - [TEST_STEP][PASSED] - click: Object: 'Object Repository/Page_eBlox Reporting (4)/Mes rapports_tab' is clicked on

2018-08-01 20:51:55 - [MESSAGE][PASSED] - Object: 'Object Repository/Page_eBlox Reporting (4)/Mes rapports_tab' is clicked on

2018-08-01 20:51:55 - [TEST_STEP][PASSED] - click: Object: 'Object Repository/Page_eBlox Reporting (1)/button_setting_dropdown' is clicked on

2018-08-01 20:52:13 - [MESSAGE][PASSED] - Object: 'Object Repository/Page_eBlox Reporting (1)/button_setting_dropdown' is clicked on

2018-08-01 20:52:13 - [TEST_STEP][PASSED] - click: Object: 'Object Repository/Page_eBlox Reporting (1)/a_Masquer tout' is clicked on

2018-08-01 20:52:13 - [MESSAGE][PASSED] - Object: 'Object Repository/Page_eBlox Reporting (1)/a_Masquer tout' is clicked on

2018-08-01 20:52:13 - [MESSAGE][PASSED] - Call Test Case 'Test Cases/Menu-Mes rapports (FR)/TC1 Verify Deployer function' successfully

2018-08-01 20:52:13 - [TEST_STEP][PASSED] - click: Object: 'Object Repository/Page_eBlox Reporting (4)/Mes rapports_tab' is clicked on

2018-08-01 20:52:13 - [MESSAGE][PASSED] - Object: 'Object Repository/Page_eBlox Reporting (4)/Mes rapports_tab' is clicked on

2018-08-01 20:52:13 - [TEST_STEP][PASSED] - click: Object: 'Object Repository/Page_eBlox Reporting (1)/button_setting_dropdown' is clicked on

2018-08-01 20:52:13 - [MESSAGE][PASSED] - Object: 'Object Repository/Page_eBlox Reporting (1)/button_setting_dropdown' is clicked on

2018-08-01 20:52:13 - [TEST_STEP][PASSED] - click: Object: 'Object Repository/Page_eBlox Reporting (1)/a_Dployer tout' is clicked on

2018-08-01 20:52:17 - [MESSAGE][PASSED] - Object: 'Object Repository/Page_eBlox Reporting (1)/a_Dployer tout' is clicked on]]></system-out>
         <system-err><![CDATA[]]></system-err>
      </testcase>
      <testcase name="Test Cases/Menu-Mes rapports (FR)/TC3 Verify info icon function" classname="Test Cases/Menu-Mes rapports (FR)/TC3 Verify info icon function" status="PASSED">
         <system-out><![CDATA[2018-08-01 20:52:17 - [TEST_CASE][PASSED] - Test Cases/Menu-Mes rapports (FR)/TC3 Verify info icon function: Test Cases/Menu-Mes rapports (FR)/TC3 Verify info icon function

2018-08-01 20:52:17 - [TEST_STEP][PASSED] - click: Object: 'Object Repository/Page_eBlox Reporting (4)/Mes rapports_tab' is clicked on

2018-08-01 20:52:17 - [MESSAGE][PASSED] - Object: 'Object Repository/Page_eBlox Reporting (4)/Mes rapports_tab' is clicked on

2018-08-01 20:52:17 - [TEST_STEP][PASSED] - click: Object: 'Object Repository/Page_eBlox Reporting (1)/info_Icon' is clicked on

2018-08-01 20:52:18 - [MESSAGE][PASSED] - Object: 'Object Repository/Page_eBlox Reporting (1)/info_Icon' is clicked on]]></system-out>
         <system-err><![CDATA[]]></system-err>
      </testcase>
      <testcase name="Test Cases/Menu- Bibliotheque (FR)/TC1 Verify Deployer function" classname="Test Cases/Menu- Bibliotheque (FR)/TC1 Verify Deployer function" status="PASSED">
         <system-out><![CDATA[2018-08-01 20:52:18 - [TEST_CASE][PASSED] - Test Cases/Menu- Bibliotheque (FR)/TC1 Verify Deployer function: Test Cases/Menu- Bibliotheque (FR)/TC1 Verify Deployer function

2018-08-01 20:52:18 - [TEST_STEP][PASSED] - click: Object: 'Object Repository/Page_eBlox Reporting (3)/Bibliothque_tab' is clicked on

2018-08-01 20:52:19 - [MESSAGE][PASSED] - Object: 'Object Repository/Page_eBlox Reporting (3)/Bibliothque_tab' is clicked on

2018-08-01 20:52:19 - [TEST_STEP][PASSED] - click: Object: 'Object Repository/Page_eBlox Reporting (1)/button_setting_dropdown' is clicked on

2018-08-01 20:52:20 - [MESSAGE][PASSED] - Object: 'Object Repository/Page_eBlox Reporting (1)/button_setting_dropdown' is clicked on

2018-08-01 20:52:20 - [TEST_STEP][PASSED] - click: Object: 'Object Repository/Page_eBlox Reporting (1)/a_Masquer tout' is clicked on

2018-08-01 20:52:20 - [MESSAGE][PASSED] - Object: 'Object Repository/Page_eBlox Reporting (1)/a_Masquer tout' is clicked on]]></system-out>
         <system-err><![CDATA[]]></system-err>
      </testcase>
      <testcase name="Test Cases/Menu- Bibliotheque (FR)/TC2 Verify Masquer function" classname="Test Cases/Menu- Bibliotheque (FR)/TC2 Verify Masquer function" status="PASSED">
         <system-out><![CDATA[2018-08-01 20:52:20 - [TEST_CASE][PASSED] - Test Cases/Menu- Bibliotheque (FR)/TC2 Verify Masquer function: Test Cases/Menu- Bibliotheque (FR)/TC2 Verify Masquer function

2018-08-01 20:52:20 - [TEST_STEP][PASSED] - callTestCase: Call Test Case 'Test Cases/Menu- Bibliotheque (FR)/TC1 Verify Deployer function' successfully

2018-08-01 20:52:20 - [TEST_CASE][PASSED] - Test Cases/Menu- Bibliotheque (FR)/TC1 Verify Deployer function: Test Cases/Menu- Bibliotheque (FR)/TC1 Verify Deployer function

2018-08-01 20:52:20 - [TEST_STEP][PASSED] - click: Object: 'Object Repository/Page_eBlox Reporting (3)/Bibliothque_tab' is clicked on

2018-08-01 20:52:20 - [MESSAGE][PASSED] - Object: 'Object Repository/Page_eBlox Reporting (3)/Bibliothque_tab' is clicked on

2018-08-01 20:52:20 - [TEST_STEP][PASSED] - click: Object: 'Object Repository/Page_eBlox Reporting (1)/button_setting_dropdown' is clicked on

2018-08-01 20:52:20 - [MESSAGE][PASSED] - Object: 'Object Repository/Page_eBlox Reporting (1)/button_setting_dropdown' is clicked on

2018-08-01 20:52:20 - [TEST_STEP][PASSED] - click: Object: 'Object Repository/Page_eBlox Reporting (1)/a_Masquer tout' is clicked on

2018-08-01 20:52:20 - [MESSAGE][PASSED] - Object: 'Object Repository/Page_eBlox Reporting (1)/a_Masquer tout' is clicked on

2018-08-01 20:52:20 - [MESSAGE][PASSED] - Call Test Case 'Test Cases/Menu- Bibliotheque (FR)/TC1 Verify Deployer function' successfully

2018-08-01 20:52:20 - [TEST_STEP][PASSED] - click: Object: 'Object Repository/Page_eBlox Reporting (3)/Bibliothque_tab' is clicked on

2018-08-01 20:52:20 - [MESSAGE][PASSED] - Object: 'Object Repository/Page_eBlox Reporting (3)/Bibliothque_tab' is clicked on

2018-08-01 20:52:20 - [TEST_STEP][PASSED] - click: Object: 'Object Repository/Page_eBlox Reporting (1)/button_setting_dropdown' is clicked on

2018-08-01 20:52:20 - [MESSAGE][PASSED] - Object: 'Object Repository/Page_eBlox Reporting (1)/button_setting_dropdown' is clicked on

2018-08-01 20:52:20 - [TEST_STEP][PASSED] - click: Object: 'Object Repository/Page_eBlox Reporting (1)/a_Dployer tout' is clicked on

2018-08-01 20:52:21 - [MESSAGE][PASSED] - Object: 'Object Repository/Page_eBlox Reporting (1)/a_Dployer tout' is clicked on]]></system-out>
         <system-err><![CDATA[]]></system-err>
      </testcase>
      <testcase name="Test Cases/Menu- Bibliotheque (FR)/TC3 Verify info icon function" classname="Test Cases/Menu- Bibliotheque (FR)/TC3 Verify info icon function" status="PASSED">
         <system-out><![CDATA[2018-08-01 20:52:21 - [TEST_CASE][PASSED] - Test Cases/Menu- Bibliotheque (FR)/TC3 Verify info icon function: Test Cases/Menu- Bibliotheque (FR)/TC3 Verify info icon function

2018-08-01 20:52:21 - [TEST_STEP][PASSED] - click: Object: 'Object Repository/Page_eBlox Reporting (3)/Bibliothque_tab' is clicked on

2018-08-01 20:52:21 - [MESSAGE][PASSED] - Object: 'Object Repository/Page_eBlox Reporting (3)/Bibliothque_tab' is clicked on

2018-08-01 20:52:21 - [TEST_STEP][PASSED] - click: Object: 'Object Repository/Page_eBlox Reporting (1)/info_Icon' is clicked on

2018-08-01 20:52:21 - [MESSAGE][PASSED] - Object: 'Object Repository/Page_eBlox Reporting (1)/info_Icon' is clicked on]]></system-out>
         <system-err><![CDATA[]]></system-err>
      </testcase>
      <testcase name="Test Cases/Menu- Comptages (FR)/TC1 Verify Info icon" classname="Test Cases/Menu- Comptages (FR)/TC1 Verify Info icon" status="PASSED">
         <system-out><![CDATA[2018-08-01 20:52:21 - [TEST_CASE][PASSED] - Test Cases/Menu- Comptages (FR)/TC1 Verify Info icon: Test Cases/Menu- Comptages (FR)/TC1 Verify Info icon

2018-08-01 20:52:21 - [TEST_STEP][PASSED] - click: Object: 'Object Repository/Page_eBlox Reporting (3)/Comptages_tab' is clicked on

2018-08-01 20:52:22 - [MESSAGE][PASSED] - Object: 'Object Repository/Page_eBlox Reporting (3)/Comptages_tab' is clicked on

2018-08-01 20:52:22 - [TEST_STEP][PASSED] - click: Object: 'Object Repository/Page_eBlox Reporting (1)/info_Icon' is clicked on

2018-08-01 20:52:22 - [MESSAGE][PASSED] - Object: 'Object Repository/Page_eBlox Reporting (1)/info_Icon' is clicked on]]></system-out>
         <system-err><![CDATA[]]></system-err>
      </testcase>
      <testcase name="Test Cases/Menu- Comptages (FR)/TC2 Verify the funtion Nouveau comptage" classname="Test Cases/Menu- Comptages (FR)/TC2 Verify the funtion Nouveau comptage" status="PASSED">
         <system-out><![CDATA[2018-08-01 20:52:22 - [TEST_CASE][PASSED] - Test Cases/Menu- Comptages (FR)/TC2 Verify the funtion Nouveau comptage: Test Cases/Menu- Comptages (FR)/TC2 Verify the funtion Nouveau comptage

2018-08-01 20:52:22 - [TEST_STEP][PASSED] - click: Object: 'Object Repository/Page_eBlox Reporting (3)/Comptages_tab' is clicked on

2018-08-01 20:52:22 - [MESSAGE][PASSED] - Object: 'Object Repository/Page_eBlox Reporting (3)/Comptages_tab' is clicked on

2018-08-01 20:52:22 - [TEST_STEP][PASSED] - click: Object: 'Object Repository/Page_eBlox Reporting (3)/button_Nouveau comptage' is clicked on

2018-08-01 20:52:26 - [MESSAGE][PASSED] - Object: 'Object Repository/Page_eBlox Reporting (3)/button_Nouveau comptage' is clicked on]]></system-out>
         <system-err><![CDATA[]]></system-err>
      </testcase>
      <testcase name="Test Cases/Menu- Comptages (FR)/TC3 Verify Montants Function" classname="Test Cases/Menu- Comptages (FR)/TC3 Verify Montants Function" status="PASSED">
         <system-out><![CDATA[2018-08-01 20:52:26 - [TEST_CASE][PASSED] - Test Cases/Menu- Comptages (FR)/TC3 Verify Montants Function: Test Cases/Menu- Comptages (FR)/TC3 Verify Montants Function

2018-08-01 20:52:26 - [TEST_STEP][PASSED] - callTestCase: Call Test Case 'Test Cases/Menu- Comptages (FR)/TC2 Verify the funtion Nouveau comptage' successfully

2018-08-01 20:52:26 - [TEST_CASE][PASSED] - Test Cases/Menu- Comptages (FR)/TC2 Verify the funtion Nouveau comptage: Test Cases/Menu- Comptages (FR)/TC2 Verify the funtion Nouveau comptage

2018-08-01 20:52:26 - [TEST_STEP][PASSED] - click: Object: 'Object Repository/Page_eBlox Reporting (3)/Comptages_tab' is clicked on

2018-08-01 20:52:26 - [MESSAGE][PASSED] - Object: 'Object Repository/Page_eBlox Reporting (3)/Comptages_tab' is clicked on

2018-08-01 20:52:26 - [TEST_STEP][PASSED] - click: Object: 'Object Repository/Page_eBlox Reporting (3)/button_Nouveau comptage' is clicked on

2018-08-01 20:52:26 - [MESSAGE][PASSED] - Object: 'Object Repository/Page_eBlox Reporting (3)/button_Nouveau comptage' is clicked on

2018-08-01 20:52:26 - [MESSAGE][PASSED] - Call Test Case 'Test Cases/Menu- Comptages (FR)/TC2 Verify the funtion Nouveau comptage' successfully

2018-08-01 20:52:26 - [TEST_STEP][PASSED] - click: Object: 'Object Repository/Page_eBlox Reporting (3)/a_Montants' is clicked on

2018-08-01 20:52:27 - [MESSAGE][PASSED] - Object: 'Object Repository/Page_eBlox Reporting (3)/a_Montants' is clicked on]]></system-out>
         <system-err><![CDATA[]]></system-err>
      </testcase>
      <testcase name="Test Cases/Menu- Comptages (FR)/TC4 Verify the creation of a new Comptage" classname="Test Cases/Menu- Comptages (FR)/TC4 Verify the creation of a new Comptage" status="ERROR">
         <error type="ERROR" message="Test Cases/Menu- Comptages (FR)/TC4 Verify the creation of a new Comptage FAILED because (of) Variable 'Keys' is not defined for test case."/>
         <system-out><![CDATA[2018-08-01 20:52:27 - [TEST_CASE][ERROR] - Test Cases/Menu- Comptages (FR)/TC4 Verify the creation of a new Comptage: Test Cases/Menu- Comptages (FR)/TC4 Verify the creation of a new Comptage FAILED because (of) Variable 'Keys' is not defined for test case.

2018-08-01 20:52:27 - [TEST_STEP][PASSED] - callTestCase: Call Test Case 'Test Cases/Menu- Comptages (FR)/TC2 Verify the funtion Nouveau comptage' successfully

2018-08-01 20:52:27 - [TEST_CASE][PASSED] - Test Cases/Menu- Comptages (FR)/TC2 Verify the funtion Nouveau comptage: Test Cases/Menu- Comptages (FR)/TC2 Verify the funtion Nouveau comptage

2018-08-01 20:52:27 - [TEST_STEP][PASSED] - click: Object: 'Object Repository/Page_eBlox Reporting (3)/Comptages_tab' is clicked on

2018-08-01 20:52:28 - [MESSAGE][PASSED] - Object: 'Object Repository/Page_eBlox Reporting (3)/Comptages_tab' is clicked on

2018-08-01 20:52:28 - [TEST_STEP][PASSED] - click: Object: 'Object Repository/Page_eBlox Reporting (3)/button_Nouveau comptage' is clicked on

2018-08-01 20:52:28 - [MESSAGE][PASSED] - Object: 'Object Repository/Page_eBlox Reporting (3)/button_Nouveau comptage' is clicked on

2018-08-01 20:52:28 - [MESSAGE][PASSED] - Call Test Case 'Test Cases/Menu- Comptages (FR)/TC2 Verify the funtion Nouveau comptage' successfully

2018-08-01 20:52:28 - [TEST_STEP][PASSED] - callTestCase: Call Test Case 'Test Cases/Menu- Comptages (FR)/TC3 Verify Montants Function' successfully

2018-08-01 20:52:28 - [TEST_CASE][PASSED] - Test Cases/Menu- Comptages (FR)/TC3 Verify Montants Function: Test Cases/Menu- Comptages (FR)/TC3 Verify Montants Function

2018-08-01 20:52:28 - [TEST_STEP][PASSED] - callTestCase: Call Test Case 'Test Cases/Menu- Comptages (FR)/TC2 Verify the funtion Nouveau comptage' successfully

2018-08-01 20:52:28 - [TEST_CASE][PASSED] - Test Cases/Menu- Comptages (FR)/TC2 Verify the funtion Nouveau comptage: Test Cases/Menu- Comptages (FR)/TC2 Verify the funtion Nouveau comptage

2018-08-01 20:52:28 - [TEST_STEP][PASSED] - click: Object: 'Object Repository/Page_eBlox Reporting (3)/Comptages_tab' is clicked on

2018-08-01 20:52:29 - [MESSAGE][PASSED] - Object: 'Object Repository/Page_eBlox Reporting (3)/Comptages_tab' is clicked on

2018-08-01 20:52:29 - [TEST_STEP][PASSED] - click: Object: 'Object Repository/Page_eBlox Reporting (3)/button_Nouveau comptage' is clicked on

2018-08-01 20:52:29 - [MESSAGE][PASSED] - Object: 'Object Repository/Page_eBlox Reporting (3)/button_Nouveau comptage' is clicked on

2018-08-01 20:52:29 - [MESSAGE][PASSED] - Call Test Case 'Test Cases/Menu- Comptages (FR)/TC2 Verify the funtion Nouveau comptage' successfully

2018-08-01 20:52:29 - [TEST_STEP][PASSED] - click: Object: 'Object Repository/Page_eBlox Reporting (3)/a_Montants' is clicked on

2018-08-01 20:52:29 - [MESSAGE][PASSED] - Object: 'Object Repository/Page_eBlox Reporting (3)/a_Montants' is clicked on

2018-08-01 20:52:29 - [MESSAGE][PASSED] - Call Test Case 'Test Cases/Menu- Comptages (FR)/TC3 Verify Montants Function' successfully

2018-08-01 20:52:29 - [TEST_STEP][PASSED] - setText: Text 'test' is set on object 'Object Repository/Page_eBlox Reporting (5)/input_comptage_name'

2018-08-01 20:52:31 - [MESSAGE][PASSED] - Text 'test' is set on object 'Object Repository/Page_eBlox Reporting (5)/input_comptage_name'

2018-08-01 20:52:31 - [TEST_STEP][PASSED] - sendKeys: Finding Test Object with id 'Object Repository/Page_eBlox Reporting (7)/span_Aucune catgorie']]></system-out>
         <system-err><![CDATA[2018-08-01 20:52:27 - [TEST_CASE][ERROR] - Test Cases/Menu- Comptages (FR)/TC4 Verify the creation of a new Comptage: Test Cases/Menu- Comptages (FR)/TC4 Verify the creation of a new Comptage FAILED because (of) Variable 'Keys' is not defined for test case.]]></system-err>
      </testcase>
      <system-out><![CDATA[2018-08-01 20:50:46 - [TEST_SUITE][FAILED] - VerifyURL(FR): Test Cases/Menu-Mes rapports (FR)/TC1 Verify Deployer function FAILED because (of) Unable to click on object 'Object Repository/Page_eBlox Reporting (1)/button_setting_dropdown' (Root cause: com.kms.katalon.core.webui.exception.WebElementNotFoundException: Web element with id: 'Object Repository/Page_eBlox Reporting (1)/button_setting_dropdown' located by 'By.xpath: /html/body/div[1]/div[2]/ui-view/div/div[1]/nav/div/div[1]/form/div[1]/div/button' not found)]]></system-out>
      <system-err><![CDATA[2018-08-01 20:50:46 - [TEST_SUITE][FAILED] - VerifyURL(FR): Test Cases/Menu-Mes rapports (FR)/TC1 Verify Deployer function FAILED because (of) Unable to click on object 'Object Repository/Page_eBlox Reporting (1)/button_setting_dropdown' (Root cause: com.kms.katalon.core.webui.exception.WebElementNotFoundException: Web element with id: 'Object Repository/Page_eBlox Reporting (1)/button_setting_dropdown' located by 'By.xpath: /html/body/div[1]/div[2]/ui-view/div/div[1]/nav/div/div[1]/form/div[1]/div/button' not found)]]></system-err>
   </testsuite>
</testsuites>
